#
# There is insufficient memory for the Java Runtime Environment to continue.
# Native memory allocation (mmap) failed to map 268435456 bytes for G1 virtual space
# Possible reasons:
#   The system is out of physical RAM or swap space
#   The process is running with CompressedOops enabled, and the Java Heap may be blocking the growth of the native heap
# Possible solutions:
#   Reduce memory load on the system
#   Increase physical memory or swap space
#   Check if swap backing store is full
#   Decrease Java heap size (-Xmx/-Xms)
#   Decrease number of Java threads
#   Decrease Java thread stack sizes (-Xss)
#   Set larger code cache with -XX:ReservedCodeCacheSize=
#   JVM is running with Zero Based Compressed Oops mode in which the Java heap is
#     placed in the first 32GB address space. The Java Heap base address is the
#     maximum limit for the native heap growth. Please use -XX:HeapBaseMinAddress
#     to set the Java Heap base and to place the Java Heap above 32GB virtual address.
# This output file may be truncated or incomplete.
#
#  Out of Memory Error (os_windows.cpp:3530), pid=9324, tid=16716
#
# JRE version:  (18.0.1.1+2) (build )
# Java VM: Java HotSpot(TM) 64-Bit Server VM (18.0.1.1+2-6, mixed mode, sharing, tiered, compressed oops, compressed class ptrs, g1 gc, windows-amd64)
# No core dump will be written. Minidumps are not enabled by default on client versions of Windows
#

---------------  S U M M A R Y ------------

Command Line: -Dfile.encoding=UTF-8 -XX:+ShowCodeDetailsInExceptionMessages com.main.Application

Host: AMD Ryzen 5 2600X Six-Core Processor           , 12 cores, 15G,  Windows 10 , 64 bit Build 19041 (10.0.19041.2364)
Time: Sun Jan 22 23:33:49 2023 Türkiye Standart Saati elapsed time: 0.008220 seconds (0d 0h 0m 0s)

---------------  T H R E A D  ---------------

Current thread (0x000002958d6ffa10):  JavaThread "Unknown thread" [_thread_in_vm, id=16716, stack(0x000000e1e0300000,0x000000e1e0400000)]

Stack: [0x000000e1e0300000,0x000000e1e0400000]
Native frames: (J=compiled Java code, j=interpreted, Vv=VM code, C=native code)
V  [jvm.dll+0x69887a]
V  [jvm.dll+0x7f38bd]
V  [jvm.dll+0x7f51ce]
V  [jvm.dll+0x7f5883]
V  [jvm.dll+0x25ca3f]
V  [jvm.dll+0x6957c9]
V  [jvm.dll+0x68a2fa]
V  [jvm.dll+0x321efb]
V  [jvm.dll+0x3298d6]
V  [jvm.dll+0x37e47e]
V  [jvm.dll+0x37e6af]
V  [jvm.dll+0x2f9c7a]
V  [jvm.dll+0x2facdd]
V  [jvm.dll+0x7c24f0]
V  [jvm.dll+0x38b801]
V  [jvm.dll+0x7a1203]
V  [jvm.dll+0x40d6bf]
V  [jvm.dll+0x40f091]
C  [jli.dll+0x526b]
C  [ucrtbase.dll+0x21bb2]
C  [KERNEL32.DLL+0x17614]
C  [ntdll.dll+0x526a1]


---------------  P R O C E S S  ---------------

Threads class SMR info:
_java_thread_list=0x00007fff00d9d550, length=0, elements={
}

Java Threads: ( => current thread )

Other Threads:
  0x000002958d7705b0 WorkerThread "GC Thread#0" [stack: 0x000000e1e0400000,0x000000e1e0500000] [id=6396]
  0x000002958d781a90 ConcurrentGCThread "G1 Main Marker" [stack: 0x000000e1e0500000,0x000000e1e0600000] [id=20872]
  0x000002958d7833a0 WorkerThread "G1 Conc#0" [stack: 0x000000e1e0600000,0x000000e1e0700000] [id=11488]

[error occurred during error reporting (printing all threads), id 0xc0000005, EXCEPTION_ACCESS_VIOLATION (0xc0000005) at pc=0x00007fff005ca217]

VM state: not at safepoint (not fully initialized)

VM Mutex/Monitor currently owned by a thread:  ([mutex/lock_event])
[0x000002958d6fbae0] Heap_lock - owner thread: 0x000002958d6ffa10

Heap address: 0x0000000701000000, size: 4080 MB, Compressed Oops mode: Zero based, Oop shift amount: 3

CDS archive(s) mapped at: [0x0000000000000000-0x0000000000000000-0x0000000000000000), size 0, SharedBaseAddress: 0x0000000800000000, ArchiveRelocationMode: 0.
Narrow klass base: 0x0000000000000000, Narrow klass shift: 0, Narrow klass range: 0x0

GC Precious Log:
 CardTable entry size: 512
 Card Set container configuration: InlinePtr #cards 4 size 8 Array Of Cards #cards 16 size 48 Howl #buckets 8 coarsen threshold 3686 Howl Bitmap #cards 512 size 80 coarsen threshold 460 Card regions per heap region 1 cards per card region 4096

Heap:
 garbage-first heap   total 0K, used 0K [0x0000000701000000, 0x0000000800000000)
  region size 2048K, 0 young (0K), 0 survivors (0K)

[error occurred during error reporting (printing heap information), id 0xc0000005, EXCEPTION_ACCESS_VIOLATION (0xc0000005) at pc=0x00007fff009b0cb9]

GC Heap History (0 events):
No events

Deoptimization events (0 events):
No events

Classes loaded (0 events):
No events

Classes unloaded (0 events):
No events

Classes redefined (0 events):
No events

Internal exceptions (0 events):
No events

VM Operations (0 events):
No events

Events (1 events):
Event: 0.005 Loaded shared library C:\Program Files\Java\jdk-18.0.1.1\bin\java.dll


Dynamic libraries:
0x00007ff61ed30000 - 0x00007ff61ed40000 	C:\Program Files\Java\jdk-18.0.1.1\bin\javaw.exe
0x00007fff19e50000 - 0x00007fff1a048000 	C:\WINDOWS\SYSTEM32\ntdll.dll
0x00007fff19280000 - 0x00007fff1933f000 	C:\WINDOWS\System32\KERNEL32.DLL
0x00007fff17660000 - 0x00007fff17932000 	C:\WINDOWS\System32\KERNELBASE.dll
0x00007fff17970000 - 0x00007fff17a70000 	C:\WINDOWS\System32\ucrtbase.dll
0x00007fff0e430000 - 0x00007fff0e448000 	C:\Program Files\Java\jdk-18.0.1.1\bin\jli.dll
0x00007fff18e10000 - 0x00007fff18ebe000 	C:\WINDOWS\System32\ADVAPI32.dll
0x00007fff19cc0000 - 0x00007fff19d5e000 	C:\WINDOWS\System32\msvcrt.dll
0x00007fff0dea0000 - 0x00007fff0deba000 	C:\Program Files\Java\jdk-18.0.1.1\bin\VCRUNTIME140.dll
0x00007fff18890000 - 0x00007fff1892c000 	C:\WINDOWS\System32\sechost.dll
0x00007fff18c10000 - 0x00007fff18d35000 	C:\WINDOWS\System32\RPCRT4.dll
0x00007fff189f0000 - 0x00007fff18b91000 	C:\WINDOWS\System32\USER32.dll
0x00007fff04ed0000 - 0x00007fff0516a000 	C:\WINDOWS\WinSxS\amd64_microsoft.windows.common-controls_6595b64144ccf1df_6.0.19041.1110_none_60b5254171f9507e\COMCTL32.dll
0x00007fff17940000 - 0x00007fff17962000 	C:\WINDOWS\System32\win32u.dll
0x00007fff183d0000 - 0x00007fff183fb000 	C:\WINDOWS\System32\GDI32.dll
0x00007fff17d00000 - 0x00007fff17e0f000 	C:\WINDOWS\System32\gdi32full.dll
0x00007fff17bd0000 - 0x00007fff17c6d000 	C:\WINDOWS\System32\msvcp_win.dll
0x00007fff11c10000 - 0x00007fff11c1a000 	C:\WINDOWS\SYSTEM32\VERSION.dll
0x00007fff19340000 - 0x00007fff19372000 	C:\WINDOWS\System32\IMM32.DLL
0x00007fff12d00000 - 0x00007fff12d0c000 	C:\Program Files\Java\jdk-18.0.1.1\bin\vcruntime140_1.dll
0x00007ffef19a0000 - 0x00007ffef1a2d000 	C:\Program Files\Java\jdk-18.0.1.1\bin\msvcp140.dll
0x00007fff002c0000 - 0x00007fff00ed0000 	C:\Program Files\Java\jdk-18.0.1.1\bin\server\jvm.dll
0x00007fff186d0000 - 0x00007fff186d8000 	C:\WINDOWS\System32\PSAPI.DLL
0x00007fff0a210000 - 0x00007fff0a237000 	C:\WINDOWS\SYSTEM32\WINMM.dll
0x00007fff09050000 - 0x00007fff09059000 	C:\WINDOWS\SYSTEM32\WSOCK32.dll
0x00007fff18d40000 - 0x00007fff18dab000 	C:\WINDOWS\System32\WS2_32.dll
0x00007fff15310000 - 0x00007fff15322000 	C:\WINDOWS\SYSTEM32\kernel.appcore.dll
0x00007fff04390000 - 0x00007fff0439a000 	C:\Program Files\Java\jdk-18.0.1.1\bin\jimage.dll
0x00007fff06610000 - 0x00007fff067f4000 	C:\WINDOWS\SYSTEM32\DBGHELP.DLL
0x00007fff01770000 - 0x00007fff017a5000 	C:\WINDOWS\SYSTEM32\dbgcore.DLL
0x00007fff17c70000 - 0x00007fff17cf2000 	C:\WINDOWS\System32\bcryptPrimitives.dll
0x00007ffeff390000 - 0x00007ffeff3b5000 	C:\Program Files\Java\jdk-18.0.1.1\bin\java.dll

dbghelp: loaded successfully - version: 4.0.5 - missing functions: none
symbol engine: initialized successfully - sym options: 0x614 - pdb path: .;C:\Program Files\Java\jdk-18.0.1.1\bin;C:\WINDOWS\SYSTEM32;C:\WINDOWS\WinSxS\amd64_microsoft.windows.common-controls_6595b64144ccf1df_6.0.19041.1110_none_60b5254171f9507e;C:\Program Files\Java\jdk-18.0.1.1\bin\server

VM Arguments:
jvm_args: -Dfile.encoding=UTF-8 -XX:+ShowCodeDetailsInExceptionMessages 
java_command: com.main.Application
java_class_path (initial): D:\java\java Sql\Mayýn Tarlasý Oyunu\bin
Launcher Type: SUN_STANDARD

[Global flags]
     intx CICompilerCount                          = 4                                         {product} {ergonomic}
     uint ConcGCThreads                            = 3                                         {product} {ergonomic}
     uint G1ConcRefinementThreads                  = 10                                        {product} {ergonomic}
   size_t G1HeapRegionSize                         = 2097152                                   {product} {ergonomic}
    uintx GCDrainStackTargetSize                   = 64                                        {product} {ergonomic}
   size_t InitialHeapSize                          = 268435456                                 {product} {ergonomic}
   size_t MarkStackSize                            = 4194304                                   {product} {ergonomic}
   size_t MaxHeapSize                              = 4278190080                                {product} {ergonomic}
   size_t MinHeapDeltaBytes                        = 2097152                                   {product} {ergonomic}
   size_t MinHeapSize                              = 8388608                                   {product} {ergonomic}
    uintx NonNMethodCodeHeapSize                   = 5839372                                {pd product} {ergonomic}
    uintx NonProfiledCodeHeapSize                  = 122909434                              {pd product} {ergonomic}
    uintx ProfiledCodeHeapSize                     = 122909434                              {pd product} {ergonomic}
    uintx ReservedCodeCacheSize                    = 251658240                              {pd product} {ergonomic}
     bool SegmentedCodeCache                       = true                                      {product} {ergonomic}
     bool ShowCodeDetailsInExceptionMessages       = true                                   {manageable} {command line}
   size_t SoftMaxHeapSize                          = 4278190080                             {manageable} {ergonomic}
     bool UseCompressedClassPointers               = true                           {product lp64_product} {ergonomic}
     bool UseCompressedOops                        = true                           {product lp64_product} {ergonomic}
     bool UseG1GC                                  = true                                      {product} {ergonomic}
     bool UseLargePagesIndividualAllocation        = false                                  {pd product} {ergonomic}

Logging:
Log output configuration:
 #0: stdout all=warning uptime,level,tags foldmultilines=false
 #1: stderr all=off uptime,level,tags foldmultilines=false

Environment Variables:
JAVA_HOME=C:\Program Files\Java\jdk-18.0.1.1
PATH=C:\Program Files\Common Files\Oracle\Java\javapath;C:\WINDOWS\system32;C:\WINDOWS;C:\WINDOWS\System32\Wbem;C:\WINDOWS\System32\WindowsPowerShell\v1.0\;C:\WINDOWS\System32\OpenSSH\;C:\Program Files (x86)\NVIDIA Corporation\PhysX\Common;C:\Program Files\NVIDIA Corporation\NVIDIA NvDLISR;C:\Program Files\Java\jdk-16.0.1\bin;C:\Program Files\Java\jdk-18.0.1.1\bin;C:\Program Files\Git\cmd;C:\Program Files\PostgreSQL\15\bin;C:\Program Files\MySQL\MySQL Shell 8.0\bin\;C:\Users\Fatih\AppData\Local\Microsoft\WindowsApps;C:\Program Files\Java\jdk-18.0.1.1\bin;C:\Users\Fatih\AppData\Local\Programs\Microsoft VS Code\bin;C:\Users\Fatih\AppData\Local\GitHubDesktop\bin
USERNAME=Fatih
OS=Windows_NT
PROCESSOR_IDENTIFIER=AMD64 Family 23 Model 8 Stepping 2, AuthenticAMD



---------------  S Y S T E M  ---------------

OS:
 Windows 10 , 64 bit Build 19041 (10.0.19041.2364)
OS uptime: 3 days 7:26 hours

CPU: total 12 (initial active 12) (12 cores per cpu, 2 threads per core) family 23 model 8 stepping 2 microcode 0x0, cx8, cmov, fxsr, ht, mmx, 3dnowpref, sse, sse2, sse3, ssse3, sse4a, sse4.1, sse4.2, popcnt, lzcnt, tsc, tscinvbit, avx, avx2, aes, clmul, bmi1, bmi2, adx, sha, fma, vzeroupper, clflush, clflushopt

Memory: 4k page, system-wide physical 16315M (8586M free)
TotalPageFile size 38292M (AvailPageFile size 155M)
current process WorkingSet (physical memory assigned to process): 10M, peak: 10M
current process commit charge ("private bytes"): 64M, peak: 320M

vm_info: Java HotSpot(TM) 64-Bit Server VM (18.0.1.1+2-6) for windows-amd64 JRE (18.0.1.1+2-6), built on Apr 25 2022 21:53:15 by "mach5one" with MS VC++ 16.8 / 16.9 (VS2019)

END.
